\BOOKMARK [0][-]{dummy.2}{\376\377\000A\000c\000k\000n\000o\000w\000l\000e\000d\000g\000e\000m\000e\000n\000t\000s}{}% 1
\BOOKMARK [0][-]{dummy.4}{\376\377\000L\000i\000s\000t\000\040\000o\000f\000\040\000F\000i\000g\000u\000r\000e\000s}{}% 2
\BOOKMARK [0][-]{dummy.6}{\376\377\000L\000i\000s\000t\000\040\000o\000f\000\040\000T\000a\000b\000l\000e\000s}{}% 3
\BOOKMARK [0][-]{dummy.8}{\376\377\000A\000b\000b\000r\000e\000v\000i\000a\000t\000i\000o\000n\000s}{}% 4
\BOOKMARK [0][-]{dummy.11}{\376\377\000S\000y\000m\000b\000o\000l\000s}{}% 5
\BOOKMARK [0][-]{chapter.14}{\376\377\0001\000\040\000I\000n\000t\000r\000o\000d\000u\000c\000t\000i\000o\000n}{}% 6
\BOOKMARK [1][-]{section.15}{\376\377\0001\000.\0001\000\040\000M\000o\000t\000i\000v\000a\000t\000i\000o\000n\000\040\000a\000n\000d\000\040\000O\000b\000j\000e\000c\000t\000i\000v\000e\000s}{chapter.14}% 7
\BOOKMARK [1][-]{section.17}{\376\377\0001\000.\0002\000\040\000L\000i\000t\000e\000r\000a\000t\000u\000r\000e\000\040\000R\000e\000v\000i\000e\000w}{chapter.14}% 8
\BOOKMARK [1][-]{section.19}{\376\377\0001\000.\0003\000\040\000O\000u\000t\000l\000i\000n\000e}{chapter.14}% 9
\BOOKMARK [0][-]{chapter.20}{\376\377\0002\000\040\000M\000a\000t\000h\000e\000m\000a\000t\000i\000c\000a\000l\000\040\000M\000o\000d\000e\000l\000l\000i\000n\000g}{}% 10
\BOOKMARK [1][-]{section.21}{\376\377\0002\000.\0001\000\040\000M\000a\000t\000h\000e\000m\000a\000t\000i\000c\000a\000l\000\040\000P\000r\000e\000l\000i\000m\000i\000n\000a\000r\000i\000e\000s}{chapter.20}% 11
\BOOKMARK [2][-]{subsection.22}{\376\377\0002\000.\0001\000.\0001\000\040\000R\000o\000t\000a\000t\000i\000o\000n\000\040\000M\000a\000t\000r\000i\000c\000e\000s}{section.21}% 12
\BOOKMARK [0][-]{chapter.25}{\376\377\0003\000\040\000M\000o\000d\000e\000l\000\040\000D\000e\000s\000i\000g\000n}{}% 13
\BOOKMARK [1][-]{section.26}{\376\377\0003\000.\0001\000\040\000R\000o\000b\000o\000t\000\040\000M\000o\000d\000e\000l}{chapter.25}% 14
\BOOKMARK [1][-]{section.27}{\376\377\0003\000.\0002\000\040\000F\000o\000r\000w\000a\000r\000d\000\040\000D\000y\000n\000a\000m\000i\000c\000s}{chapter.25}% 15
\BOOKMARK [2][-]{subsection.28}{\376\377\0003\000.\0002\000.\0001\000\040\000E\000q\000u\000a\000t\000i\000o\000n\000\040\000o\000f\000\040\000M\000o\000t\000i\000o\000n}{section.27}% 16
\BOOKMARK [0][-]{chapter.30}{\376\377\0004\000\040\000O\000p\000t\000i\000m\000i\000z\000a\000t\000i\000o\000n}{}% 17
\BOOKMARK [0][-]{chapter.31}{\376\377\0005\000\040\000R\000e\000s\000u\000l\000t\000s\000\040\000a\000n\000d\000\040\000D\000i\000s\000c\000u\000s\000s\000i\000o\000n}{}% 18
\BOOKMARK [1][-]{section.32}{\376\377\0005\000.\0001\000\040\000P\000l\000a\000n\000n\000i\000n\000g\000\040\000a\000n\000d\000\040\000O\000p\000t\000i\000m\000i\000z\000a\000t\000i\000o\000n}{chapter.31}% 19
\BOOKMARK [0][-]{chapter.34}{\376\377\0006\000\040\000C\000o\000n\000c\000l\000u\000s\000i\000o\000n\000s\000\040\000a\000n\000d\000\040\000F\000u\000t\000u\000r\000e\000\040\000w\000o\000r\000k}{}% 20
\BOOKMARK [1][-]{section.35}{\376\377\0006\000.\0001\000\040\000C\000o\000n\000c\000l\000u\000s\000i\000o\000n\000s}{chapter.34}% 21
\BOOKMARK [1][-]{section.38}{\376\377\0006\000.\0002\000\040\000F\000u\000t\000u\000r\000e\000\040\000W\000o\000r\000k}{chapter.34}% 22
\BOOKMARK [0][-]{dummy.41}{\376\377\000B\000i\000b\000l\000i\000o\000g\000r\000a\000p\000h\000y}{}% 23
\BOOKMARK [0][-]{appendix.43}{\376\377\000A\000\040\000S\000o\000m\000e\000\040\000D\000e\000f\000i\000n\000i\000t\000i\000o\000n\000s\000\040\000a\000d\000\040\000H\000y\000p\000o\000t\000h\000e\000s\000e\000s}{}% 24
\BOOKMARK [1][-]{section.44}{\376\377\000A\000.\0001\000\040\000N\000u\000l\000l\000\040\000S\000p\000a\000c\000e}{appendix.43}% 25
\BOOKMARK [0][-]{appendix.46}{\376\377\000B\000\040\000A\000d\000d\000o\000n\000s}{}% 26
\BOOKMARK [1][-]{section.47}{\376\377\000B\000.\0001\000\040\000D\000e\000r\000i\000v\000a\000t\000i\000o\000n\000\040\000f\000o\000r\000\040\000L\000i\000n\000k\000\040\000M\000o\000d\000e\000l}{appendix.46}% 27
\BOOKMARK [0][-]{appendix.48}{\376\377\000C\000\040\000S\000i\000m\000u\000l\000a\000t\000i\000o\000n\000\040\000C\000o\000d\000e\000s}{}% 28
\BOOKMARK [1][-]{section.49}{\376\377\000C\000.\0001\000\040\000S\000I\000M\000\040\000C\000o\000d\000e\000s}{appendix.48}% 29
